06/17/2023 01:57:19 PM: INFO: *************** Test_001_Login *****************
06/17/2023 01:57:19 PM: INFO: *************** verifying homepage title *****************
06/17/2023 01:57:21 PM: INFO: *************** Homepage title test passed *****************
06/17/2023 01:57:24 PM: INFO: *************** Verifiying login test *****************
06/17/2023 01:57:37 PM: INFO: *************** login test passed *****************
06/17/2023 02:58:24 PM: INFO: *************** Test_001_Login *****************
06/17/2023 02:58:24 PM: INFO: *************** verifying homepage title *****************
06/17/2023 02:58:28 PM: INFO: *************** Homepage title test passed *****************
06/17/2023 02:58:35 PM: INFO: *************** Verifiying login test *****************
06/17/2023 02:58:47 PM: INFO: *************** login test passed *****************
06/17/2023 03:03:05 PM: INFO: *************** Test_001_Login *****************
06/17/2023 03:03:05 PM: INFO: *************** verifying homepage title *****************
06/17/2023 03:03:10 PM: INFO: *************** Homepage title test passed *****************
06/17/2023 03:03:14 PM: INFO: *************** Verifiying login test *****************
06/17/2023 03:03:32 PM: INFO: *************** login test passed *****************
06/17/2023 06:37:42 PM: INFO: *************** Test_001_Login *****************
06/17/2023 06:37:42 PM: INFO: *************** verifying homepage title *****************
06/17/2023 06:37:44 PM: INFO: *************** Homepage title test passed *****************
06/17/2023 06:37:47 PM: INFO: *************** Verifiying login test *****************
06/17/2023 06:37:52 PM: INFO: *************** login test passed *****************
06/17/2023 06:38:52 PM: INFO: *************** Test_001_Login *****************
06/17/2023 06:38:52 PM: INFO: *************** verifying homepage title *****************
06/17/2023 06:38:54 PM: INFO: *************** Homepage title test passed *****************
06/17/2023 06:38:56 PM: INFO: *************** Verifiying login test *****************
06/17/2023 06:39:08 PM: INFO: *************** login test passed *****************
06/17/2023 06:39:49 PM: INFO: *************** Test_001_Login *****************
06/17/2023 06:39:49 PM: INFO: *************** verifying homepage title *****************
06/17/2023 06:39:51 PM: INFO: *************** Homepage title test passed *****************
06/17/2023 06:39:53 PM: INFO: *************** Verifiying login test *****************
06/17/2023 06:39:58 PM: INFO: *************** login test passed *****************
06/17/2023 06:40:52 PM: INFO: *************** Test_001_Login *****************
06/17/2023 06:40:52 PM: INFO: *************** verifying homepage title *****************
06/17/2023 06:40:54 PM: INFO: *************** Homepage title test passed *****************
06/17/2023 06:40:56 PM: INFO: *************** Verifiying login test *****************
06/17/2023 06:41:01 PM: INFO: *************** login test passed *****************
06/17/2023 08:22:38 PM: INFO: *************** Test_001_Login *****************
06/17/2023 08:22:38 PM: INFO: *************** verifying homepage title *****************
06/17/2023 08:22:41 PM: INFO: *************** Homepage title test passed *****************
06/17/2023 08:22:42 PM: INFO: *************** Verifiying login test *****************
06/17/2023 08:22:47 PM: INFO: *************** login test passed *****************
06/17/2023 08:23:19 PM: INFO: *************** Test_002_Login *****************
06/17/2023 08:23:19 PM: INFO: *************** Verifiying login DDt test *****************
06/17/2023 08:24:15 PM: INFO: *************** Test_002_Login *****************
06/17/2023 08:24:15 PM: INFO: *************** Verifiying login DDt test *****************
06/17/2023 08:24:58 PM: INFO: *************** Test_002_Login *****************
06/17/2023 08:24:58 PM: INFO: *************** Verifiying login DDt test *****************
06/17/2023 08:25:08 PM: INFO: *************** passed *****************
06/17/2023 08:25:09 PM: INFO: *************** Login DDT test passed *****************
06/17/2023 08:27:04 PM: INFO: *************** Test_002_Login *****************
06/17/2023 08:27:04 PM: INFO: *************** Verifiying login DDt test *****************
06/17/2023 08:27:14 PM: INFO: *************** passed *****************
06/17/2023 08:27:16 PM: INFO: *************** Login DDT test passed *****************
06/17/2023 08:29:19 PM: INFO: *************** Test_002_Login *****************
06/17/2023 08:29:19 PM: INFO: *************** Verifiying login DDt test *****************
06/17/2023 08:29:28 PM: INFO: *************** passed *****************
06/17/2023 08:29:34 PM: INFO: *************** Login DDT test passed *****************
06/17/2023 08:32:47 PM: INFO: *************** Test_002_Login *****************
06/17/2023 08:32:47 PM: INFO: *************** Verifiying login DDt test *****************
06/17/2023 08:32:57 PM: INFO: *************** passed *****************
06/17/2023 08:33:03 PM: INFO: *************** Login DDT test passed *****************
06/17/2023 08:33:09 PM: INFO: *************** Login DDT test passed *****************
06/17/2023 08:33:14 PM: INFO: *************** Login DDT test passed *****************
06/17/2023 08:33:14 PM: INFO: *************** End of Login ddt test *****************
06/17/2023 08:33:14 PM: INFO: *************** Completed Test_002_Login  *****************
06/18/2023 06:33:29 PM: INFO: *************** Test_002_Login *****************
06/18/2023 06:33:29 PM: INFO: *************** Verifiying login DDt test *****************
06/18/2023 06:33:40 PM: INFO: *************** passed *****************
06/18/2023 06:33:46 PM: INFO: *************** Login DDT test passed *****************
06/18/2023 06:34:06 PM: INFO: *************** Login DDT test passed *****************
06/18/2023 06:34:12 PM: INFO: *************** Login DDT test passed *****************
06/18/2023 06:34:12 PM: INFO: *************** End of Login ddt test *****************
06/18/2023 06:34:12 PM: INFO: *************** Completed Test_002_Login  *****************
06/18/2023 06:36:46 PM: INFO: *************** Test_002_Login *****************
06/18/2023 06:36:46 PM: INFO: *************** Verifiying login DDt test *****************
06/18/2023 06:36:57 PM: INFO: *************** passed *****************
06/18/2023 06:37:03 PM: INFO: *************** Login DDT test passed *****************
06/18/2023 06:37:09 PM: INFO: *************** Login DDT test passed *****************
06/18/2023 06:37:15 PM: INFO: *************** Login DDT test passed *****************
06/18/2023 06:37:15 PM: INFO: *************** End of Login ddt test *****************
06/18/2023 06:37:15 PM: INFO: *************** Completed Test_002_Login  *****************
06/19/2023 11:27:02 AM: INFO: *************** Test_001_Login *****************
06/19/2023 11:27:02 AM: INFO: *************** verifying homepage title *****************
06/19/2023 11:27:10 AM: INFO: *************** Homepage title test passed *****************
06/19/2023 11:27:12 AM: INFO: *************** Verifiying login test *****************
06/19/2023 11:27:21 AM: INFO: *************** login test passed *****************
06/19/2023 11:27:59 AM: INFO: *************** Test_001_Login *****************
06/19/2023 11:27:59 AM: INFO: *************** verifying homepage title *****************
06/19/2023 11:28:02 AM: INFO: *************** Homepage title test passed *****************
06/19/2023 11:41:50 AM: INFO: *************** Test_001_Login *****************
06/19/2023 11:41:50 AM: INFO: *************** verifying homepage title *****************
06/19/2023 11:41:52 AM: INFO: *************** Homepage title test passed *****************
06/19/2023 11:41:54 AM: INFO: *************** Verifiying login test *****************
06/19/2023 11:42:00 AM: INFO: *************** login test passed *****************
06/22/2023 08:16:41 PM: INFO: *************** Test_001_Login *****************
06/22/2023 08:16:41 PM: INFO: *************** verifying homepage title *****************
06/22/2023 08:16:44 PM: INFO: *************** Homepage title test passed *****************
06/22/2023 08:22:48 PM: INFO: *************** Test_001_Login *****************
06/22/2023 08:22:48 PM: INFO: *************** verifying homepage title *****************
06/22/2023 08:22:51 PM: INFO: *************** Homepage title test passed *****************
